<?xml version="1.0" encoding="UTF-8" ?>
<testsuite tests="5" failures="0" name="hellocucumber.runTest" time="0.154" errors="0" skipped="4">
  <properties>
[...]
</properties>
  <testcase classname="Given API Query &quot;http://localhost&quot;   " name="Given API Query &quot;http://localhost&quot;   " time="0.015">
    <skipped/>
    <system-out>Feature: CucumberJava

  Scenario: API Stress Test            &amp;#27;[90m# hellocucumber\cucumberJava.feature:3&amp;#27;[0m
    &amp;#27;[90mGiven &amp;#27;[0m&amp;#27;[90mAPI Query &quot;http://localhost&quot;&amp;#27;[0m
</system-out>
  </testcase>
  <testcase classname="And 100 users connect    " name="And 100 users connect    " time="0.023">
    <skipped/>
    <system-out>&amp;#27;[1A    &amp;#27;[33mGiven &amp;#27;[0m&amp;#27;[33mAPI Query &quot;http://localhost&quot;&amp;#27;[0m
    &amp;#27;[90mAnd &amp;#27;[0m&amp;#27;[90m100 users connect&amp;#27;[0m              &amp;#27;[90m# cucumberJava.Concurrency()&amp;#27;[0m
</system-out>
  </testcase>
  <testcase classname="When Response is less than 15     " name="When Response is less than 15     " time="0.036">
    <skipped/>
    <system-out>&amp;#27;[1A    &amp;#27;[36mAnd &amp;#27;[0m&amp;#27;[36m100 users connect&amp;#27;[0m              &amp;#27;[90m# cucumberJava.Concurrency()&amp;#27;[0m
    &amp;#27;[90mWhen &amp;#27;[0m&amp;#27;[90mResponse is less than 15&amp;#27;[0m
</system-out>
  </testcase>
  <testcase classname="Then Response is good      " name="Then Response is good      " time="0.037">
    <skipped/>
    <system-out>&amp;#27;[1A    &amp;#27;[33mWhen &amp;#27;[0m&amp;#27;[33mResponse is less than 15&amp;#27;[0m
    &amp;#27;[90mThen &amp;#27;[0m&amp;#27;[90mResponse is good&amp;#27;[0m
</system-out>
  </testcase>
  <testcase classname="Scenario: API Stress Test  " name="Scenario: API Stress Test  " time="0.043"/>
</testsuite>